Arguments: 
  /usr/local/bin/node /usr/local/bin/yarn add swper

PATH: 
  /home/juansantoss/.vscode-server/bin/f80445acd5a3dadef24aa209168452a3d97cc326/bin/remote-cli:/usr/local/sbin:/usr/local/bin:/usr/sbin:/usr/bin:/sbin:/bin:/usr/games:/usr/local/games:/usr/lib/wsl/lib:/mnt/c/WINDOWS/system32:/mnt/c/WINDOWS:/mnt/c/WINDOWS/System32/Wbem:/mnt/c/WINDOWS/System32/WindowsPowerShell/v1.0/:/mnt/c/WINDOWS/System32/OpenSSH/:/mnt/c/Program Files (x86)/Kaspersky Lab/Kaspersky Endpoint Security for Windows/:/mnt/c/Program Files/Docker/Docker/resources/bin:/mnt/c/ProgramData/DockerDesktop/version-bin:/mnt/c/Program Files/dotnet/:/mnt/c/Program Files/nodejs/:/mnt/c/Users/jcunha/AppData/Local/Microsoft/WindowsApps:/mnt/c/Users/jcunha/AppData/Local/Programs/Microsoft VS Code/bin:/mnt/c/Users/jcunha/AppData/Local/Programs/Git/cmd:/mnt/c/xampp/php:/mnt/c/Users/jcunha/composer:/mnt/c/Users/jcunha/AppData/Roaming/Composer/vendor/bin:/mnt/c/Users/jcunha/AppData/Roaming/npm:/snap/bin

Yarn version: 
  1.22.17

Node version: 
  17.4.0

Platform: 
  linux x64

Trace: 
  Error: https://registry.yarnpkg.com/swper: Not found
      at Request.params.callback [as _callback] (/usr/local/lib/node_modules/yarn/lib/cli.js:67029:18)
      at Request.self.callback (/usr/local/lib/node_modules/yarn/lib/cli.js:140883:22)
      at Request.emit (node:events:520:28)
      at Request.<anonymous> (/usr/local/lib/node_modules/yarn/lib/cli.js:141855:10)
      at Request.emit (node:events:520:28)
      at IncomingMessage.<anonymous> (/usr/local/lib/node_modules/yarn/lib/cli.js:141777:12)
      at Object.onceWrapper (node:events:639:28)
      at IncomingMessage.emit (node:events:532:35)
      at endReadableNT (node:internal/streams/readable:1343:12)
      at processTicksAndRejections (node:internal/process/task_queues:83:21)

npm manifest: 
  {
    "dependencies": {
      "swiper": "^8.0.6"
    }
  }

yarn manifest: 
  No manifest

Lockfile: 
  No lockfile
